<?xml version="1.0" encoding="UTF-8"?>
<!-- Generated by org.testng.reporters.JUnitXMLReporter -->
<testsuite ignored="0" hostname="LTIN188840" failures="0" tests="7" name="Test" time="111.723" errors="0" timestamp="2024-03-05T15:04:41 IST">
  <testcase classname="testCase.TestCase" name="search_functionality" time="9.947"/>
  <testcase classname="testCase.TestCase" name="filter_functionality" time="5.045"/>
  <testcase classname="testCase.TestCase" name="check_sortfuction" time="1.828"/>
  <testcase classname="testCase.TestCase" name="check_and_print" time="1.35"/>
  <testcase classname="testCase.TestCase2" name="submenu_printcheck" time="7.721"/>
  <testcase classname="testCase.TestCase3" name="choose_giftcard_validate" time="48.538"/>
  <testcase classname="testCase.TestCase3" name="checkout_validation" time="1.903"/>
</testsuite> <!-- Test -->
