<?xml version="1.0" encoding="UTF-8"?>
<testng-results ignored="0" total="7" passed="7" failed="0" skipped="0">
  <reporter-output>
  </reporter-output>
  <suite started-at="2024-03-05T15:02:49 IST" name="Suite" finished-at="2024-03-05T15:04:41 IST" duration-ms="111723">
    <groups>
    </groups>
    <test started-at="2024-03-05T15:02:49 IST" name="Test" finished-at="2024-03-05T15:04:41 IST" duration-ms="111723">
      <class name="testCase.TestCase3">
        <test-method is-config="true" signature="driverSetup(java.lang.String)[pri:0, instance:testCase.TestCase3@5b8dfcc1]" started-at="2024-03-05T15:03:41 IST" name="driverSetup" finished-at="2024-03-05T15:03:48 IST" duration-ms="6966" status="PASS">
          <params>
            <param index="0">
              <value>
                <![CDATA[edge]]>
              </value>
            </param>
          </params>
          <reporter-output>
          </reporter-output>
        </test-method> <!-- driverSetup -->
        <test-method signature="choose_giftcard_validate()[pri:0, instance:testCase.TestCase3@5b8dfcc1]" started-at="2024-03-05T15:03:48 IST" name="choose_giftcard_validate" finished-at="2024-03-05T15:04:36 IST" duration-ms="48538" status="PASS">
          <reporter-output>
          </reporter-output>
        </test-method> <!-- choose_giftcard_validate -->
        <test-method signature="checkout_validation()[pri:1, instance:testCase.TestCase3@5b8dfcc1]" started-at="2024-03-05T15:04:37 IST" name="checkout_validation" finished-at="2024-03-05T15:04:39 IST" duration-ms="1903" status="PASS">
          <reporter-output>
          </reporter-output>
        </test-method> <!-- checkout_validation -->
        <test-method is-config="true" signature="closeBrowser()[pri:0, instance:testCase.TestCase3@5b8dfcc1]" started-at="2024-03-05T15:04:39 IST" name="closeBrowser" finished-at="2024-03-05T15:04:41 IST" duration-ms="1368" status="PASS">
          <reporter-output>
          </reporter-output>
        </test-method> <!-- closeBrowser -->
      </class> <!-- testCase.TestCase3 -->
      <class name="testCase.TestCase2">
        <test-method is-config="true" signature="driverSetup(java.lang.String)[pri:0, instance:testCase.TestCase2@72967906]" started-at="2024-03-05T15:03:23 IST" name="driverSetup" finished-at="2024-03-05T15:03:31 IST" duration-ms="7966" status="PASS">
          <params>
            <param index="0">
              <value>
                <![CDATA[edge]]>
              </value>
            </param>
          </params>
          <reporter-output>
          </reporter-output>
        </test-method> <!-- driverSetup -->
        <test-method signature="submenu_printcheck()[pri:0, instance:testCase.TestCase2@72967906]" started-at="2024-03-05T15:03:31 IST" name="submenu_printcheck" finished-at="2024-03-05T15:03:39 IST" duration-ms="7721" status="PASS">
          <reporter-output>
          </reporter-output>
        </test-method> <!-- submenu_printcheck -->
        <test-method is-config="true" signature="closeBrowser()[pri:0, instance:testCase.TestCase2@72967906]" started-at="2024-03-05T15:03:39 IST" name="closeBrowser" finished-at="2024-03-05T15:03:41 IST" duration-ms="1460" status="PASS">
          <reporter-output>
          </reporter-output>
        </test-method> <!-- closeBrowser -->
      </class> <!-- testCase.TestCase2 -->
      <class name="testCase.TestCase">
        <test-method is-config="true" signature="driverSetup(java.lang.String)[pri:0, instance:testCase.TestCase@49139829]" started-at="2024-03-05T15:02:50 IST" name="driverSetup" finished-at="2024-03-05T15:03:02 IST" duration-ms="12235" status="PASS">
          <params>
            <param index="0">
              <value>
                <![CDATA[edge]]>
              </value>
            </param>
          </params>
          <reporter-output>
          </reporter-output>
        </test-method> <!-- driverSetup -->
        <test-method signature="search_functionality()[pri:0, instance:testCase.TestCase@49139829]" started-at="2024-03-05T15:03:02 IST" name="search_functionality" finished-at="2024-03-05T15:03:12 IST" duration-ms="9947" status="PASS">
          <reporter-output>
          </reporter-output>
        </test-method> <!-- search_functionality -->
        <test-method signature="filter_functionality()[pri:1, instance:testCase.TestCase@49139829]" started-at="2024-03-05T15:03:13 IST" name="filter_functionality" finished-at="2024-03-05T15:03:18 IST" duration-ms="5045" status="PASS">
          <reporter-output>
          </reporter-output>
        </test-method> <!-- filter_functionality -->
        <test-method signature="check_sortfuction()[pri:2, instance:testCase.TestCase@49139829]" started-at="2024-03-05T15:03:18 IST" name="check_sortfuction" finished-at="2024-03-05T15:03:20 IST" duration-ms="1828" status="PASS">
          <reporter-output>
          </reporter-output>
        </test-method> <!-- check_sortfuction -->
        <test-method signature="check_and_print()[pri:3, instance:testCase.TestCase@49139829]" started-at="2024-03-05T15:03:20 IST" name="check_and_print" finished-at="2024-03-05T15:03:22 IST" duration-ms="1350" status="PASS">
          <reporter-output>
          </reporter-output>
        </test-method> <!-- check_and_print -->
        <test-method is-config="true" signature="closeBrowser()[pri:0, instance:testCase.TestCase@49139829]" started-at="2024-03-05T15:03:22 IST" name="closeBrowser" finished-at="2024-03-05T15:03:23 IST" duration-ms="1227" status="PASS">
          <reporter-output>
          </reporter-output>
        </test-method> <!-- closeBrowser -->
      </class> <!-- testCase.TestCase -->
    </test> <!-- Test -->
  </suite> <!-- Suite -->
</testng-results>
